# JRE version: OpenJDK Runtime Environment (17.0.9+8) (build 17.0.9+8)
# Java VM: OpenJDK 64-Bit Server VM (17.0.9+8, mixed mode, tiered, compressed oops, compressed class ptrs, g1 gc, linux-amd64)
GC Precious Log:
 CPUs: 16 total, 16 available
 Memory: 15409M
 Large Page Support: Disabled
 NUMA Support: Disabled
 Compressed Oops: Enabled (Zero based)
 Heap Region Size: 2M
 Heap Min Capacity: 8M
 Heap Initial Capacity: 242M
 Heap Max Capacity: 3854M
 Pre-touch: Disabled
 Parallel Workers: 13
 Concurrent Workers: 3
 Concurrent Refinement Workers: 13
 Periodic GC: Disabled
Heap:
 garbage-first heap   total 61440K, used 19303K [0x000000070f200000, 0x0000000800000000)
  region size 2048K, 6 young (12288K), 2 survivors (4096K)
 Metaspace       used 37395K, committed 37696K, reserved 1114112K
  class space    used 4430K, committed 4608K, reserved 1048576K
GC Heap History (12 events):
Event: 0,496 GC heap before
{Heap before GC invocations=0 (full 0):
 garbage-first heap   total 247808K, used 20480K [0x000000070f200000, 0x0000000800000000)
  region size 2048K, 11 young (22528K), 0 survivors (0K)
 Metaspace       used 13156K, committed 13312K, reserved 1114112K
  class space    used 1367K, committed 1408K, reserved 1048576K
}
Event: 0,502 GC heap after
{Heap after GC invocations=1 (full 0):
 garbage-first heap   total 247808K, used 3346K [0x000000070f200000, 0x0000000800000000)
  region size 2048K, 2 young (4096K), 2 survivors (4096K)
 Metaspace       used 13156K, committed 13312K, reserved 1114112K
  class space    used 1367K, committed 1408K, reserved 1048576K
}
Event: 0,837 GC heap before
{Heap before GC invocations=1 (full 0):
 garbage-first heap   total 247808K, used 23826K [0x000000070f200000, 0x0000000800000000)
  region size 2048K, 13 young (26624K), 2 survivors (4096K)
 Metaspace       used 21340K, committed 21504K, reserved 1114112K
  class space    used 2367K, committed 2432K, reserved 1048576K
}
Event: 0,847 GC heap after
{Heap after GC invocations=2 (full 0):
 garbage-first heap   total 247808K, used 6511K [0x000000070f200000, 0x0000000800000000)
  region size 2048K, 3 young (6144K), 3 survivors (6144K)
 Metaspace       used 21340K, committed 21504K, reserved 1114112K
  class space    used 2367K, committed 2432K, reserved 1048576K
}
Event: 0,981 GC heap before
{Heap before GC invocations=3 (full 0):
 garbage-first heap   total 34816K, used 20847K [0x000000070f200000, 0x0000000800000000)
  region size 2048K, 11 young (22528K), 3 survivors (6144K)
 Metaspace       used 25000K, committed 25216K, reserved 1114112K
  class space    used 2911K, committed 3008K, reserved 1048576K
}
Event: 0,990 GC heap after
{Heap after GC invocations=4 (full 0):
 garbage-first heap   total 34816K, used 8903K [0x000000070f200000, 0x0000000800000000)
  region size 2048K, 3 young (6144K), 3 survivors (6144K)
 Metaspace       used 25000K, committed 25216K, reserved 1114112K
  class space    used 2911K, committed 3008K, reserved 1048576K
}
Event: 1,083 GC heap before
{Heap before GC invocations=4 (full 0):
 garbage-first heap   total 34816K, used 10951K [0x000000070f200000, 0x0000000800000000)
  region size 2048K, 4 young (8192K), 3 survivors (6144K)
 Metaspace       used 25286K, committed 25536K, reserved 1114112K
  class space    used 2966K, committed 3072K, reserved 1048576K
}
Event: 1,087 GC heap after
{Heap after GC invocations=5 (full 0):
 garbage-first heap   total 34816K, used 10100K [0x000000070f200000, 0x0000000800000000)
  region size 2048K, 1 young (2048K), 1 survivors (2048K)
 Metaspace       used 25286K, committed 25536K, reserved 1114112K
  class space    used 2966K, committed 3072K, reserved 1048576K
}
Event: 1,255 GC heap before
{Heap before GC invocations=5 (full 0):
 garbage-first heap   total 34816K, used 22388K [0x000000070f200000, 0x0000000800000000)
  region size 2048K, 6 young (12288K), 1 survivors (2048K)
 Metaspace       used 29937K, committed 30144K, reserved 1114112K
  class space    used 3505K, committed 3584K, reserved 1048576K
}
Event: 1,256 GC heap after
{Heap after GC invocations=6 (full 0):
 garbage-first heap   total 141312K, used 12173K [0x000000070f200000, 0x0000000800000000)
  region size 2048K, 1 young (2048K), 1 survivors (2048K)
 Metaspace       used 29937K, committed 30144K, reserved 1114112K
  class space    used 3505K, committed 3584K, reserved 1048576K
}
Event: 1,511 GC heap before
{Heap before GC invocations=6 (full 0):
 garbage-first heap   total 141312K, used 26509K [0x000000070f200000, 0x0000000800000000)
  region size 2048K, 9 young (18432K), 1 survivors (2048K)
 Metaspace       used 35774K, committed 35968K, reserved 1114112K
  class space    used 4238K, committed 4352K, reserved 1048576K
}
Event: 1,518 GC heap after
{Heap after GC invocations=7 (full 0):
 garbage-first heap   total 141312K, used 13159K [0x000000070f200000, 0x0000000800000000)
  region size 2048K, 2 young (4096K), 2 survivors (4096K)
 Metaspace       used 35774K, committed 35968K, reserved 1114112K
  class space    used 4238K, committed 4352K, reserved 1048576K
}

